<?xml version="1.0" encoding="UTF-8"?>
<!-- Generated by org.testng.reporters.JUnitXMLReporter -->
<testsuite ignored="0" hostname="DESKTOP-QAA0QBB" failures="1" tests="5" name="Default test" time="44.263" errors="0" timestamp="2026-01-04T19:45:40 IST">
  <testcase classname="com.shaffan.tests.LoginTest" name="testLogin" time="1.961">
    <failure type="java.lang.AssertionError" message="
Expecting actual:
  &amp;quot;https://opensource-demo.orangehrmlive.com/web/index.php/auth/login&amp;quot;
to contain:
  &amp;quot;dashboard/index&amp;quot; ">
      <![CDATA[java.lang.AssertionError: 
Expecting actual:
  "https://opensource-demo.orangehrmlive.com/web/index.php/auth/login"
to contain:
  "dashboard/index" 
at com.shaffan.tests.LoginTest.testLogin(LoginTest.java:49)
at java.base/jdk.internal.reflect.DirectMethodHandleAccessor.invoke(DirectMethodHandleAccessor.java:103)
at java.base/java.lang.reflect.Method.invoke(Method.java:580)
at org.testng.internal.invokers.MethodInvocationHelper.invokeMethod(MethodInvocationHelper.java:141)
at org.testng.internal.invokers.TestInvoker.invokeMethod(TestInvoker.java:687)
at org.testng.internal.invokers.TestInvoker.invokeTestMethod(TestInvoker.java:230)
at org.testng.internal.invokers.MethodRunner.runInSequence(MethodRunner.java:63)
at org.testng.internal.invokers.TestInvoker$MethodInvocationAgent.invoke(TestInvoker.java:995)
at org.testng.internal.invokers.TestInvoker.invokeTestMethods(TestInvoker.java:203)
at org.testng.internal.invokers.TestMethodWorker.invokeTestMethods(TestMethodWorker.java:154)
at org.testng.internal.invokers.TestMethodWorker.run(TestMethodWorker.java:134)
at java.base/java.util.ArrayList.forEach(ArrayList.java:1597)
at org.testng.TestRunner.privateRun(TestRunner.java:741)
at org.testng.TestRunner.run(TestRunner.java:616)
at org.testng.SuiteRunner.runTest(SuiteRunner.java:421)
at org.testng.SuiteRunner.runSequentially(SuiteRunner.java:413)
at org.testng.SuiteRunner.privateRun(SuiteRunner.java:373)
at org.testng.SuiteRunner.run(SuiteRunner.java:312)
at org.testng.SuiteRunnerWorker.runSuite(SuiteRunnerWorker.java:52)
at org.testng.SuiteRunnerWorker.run(SuiteRunnerWorker.java:95)
at org.testng.TestNG.runSuitesSequentially(TestNG.java:1274)
at org.testng.TestNG.runSuitesLocally(TestNG.java:1208)
at org.testng.TestNG.runSuites(TestNG.java:1112)
at org.testng.TestNG.run(TestNG.java:1079)
at org.testng.remote.AbstractRemoteTestNG.run(AbstractRemoteTestNG.java:115)
at org.testng.remote.RemoteTestNG.initAndRun(RemoteTestNG.java:293)
at org.testng.remote.RemoteTestNG.main(RemoteTestNG.java:91)
]]>
    </failure>
  </testcase> <!-- testLogin -->
  <testcase classname="com.shaffan.tests.LoginTest" name="testLoginWithInvalidCreds" time="2.624"/>
  <testcase classname="com.shaffan.tests.LoginTest" name="testLoginWithInvalidCreds" time="2.79"/>
  <testcase classname="com.shaffan.tests.LoginTest" name="testLoginWithInvalidCreds" time="2.435"/>
  <testcase classname="com.shaffan.tests.LoginTest" name="testLoginWithInvalidCreds" time="4.286"/>
</testsuite> <!-- Default test -->
