<?xml version="1.0" encoding="UTF-8"?>
<testng-results ignored="0" total="5" passed="4" failed="1" skipped="0">
  <reporter-output>
  </reporter-output>
  <suite started-at="2026-01-04T19:44:55 IST" name="Default suite" finished-at="2026-01-04T19:45:40 IST" duration-ms="44263">
    <groups>
    </groups>
    <test started-at="2026-01-04T19:44:55 IST" name="Default test" finished-at="2026-01-04T19:45:40 IST" duration-ms="44263">
      <class name="com.shaffan.tests.LoginTest">
        <test-method is-config="true" signature="setup()[pri:0, instance:com.shaffan.tests.LoginTest@53a5e217]" started-at="2026-01-04T19:44:55 IST" name="setup" finished-at="2026-01-04T19:45:00 IST" duration-ms="4764" status="PASS">
          <reporter-output>
          </reporter-output>
        </test-method> <!-- setup -->
        <test-method signature="testLogin()[pri:0, instance:com.shaffan.tests.LoginTest@53a5e217]" started-at="2026-01-04T19:45:00 IST" name="testLogin" description="Verify OrangeHRM Login with valid credentials" finished-at="2026-01-04T19:45:02 IST" duration-ms="1961" status="FAIL">
          <exception class="java.lang.AssertionError">
            <message>
              <![CDATA[
Expecting actual:
  "https://opensource-demo.orangehrmlive.com/web/index.php/auth/login"
to contain:
  "dashboard/index" ]]>
            </message>
            <full-stacktrace>
              <![CDATA[java.lang.AssertionError: 
Expecting actual:
  "https://opensource-demo.orangehrmlive.com/web/index.php/auth/login"
to contain:
  "dashboard/index" 
at com.shaffan.tests.LoginTest.testLogin(LoginTest.java:49)
at java.base/jdk.internal.reflect.DirectMethodHandleAccessor.invoke(DirectMethodHandleAccessor.java:103)
at java.base/java.lang.reflect.Method.invoke(Method.java:580)
at org.testng.internal.invokers.MethodInvocationHelper.invokeMethod(MethodInvocationHelper.java:141)
at org.testng.internal.invokers.TestInvoker.invokeMethod(TestInvoker.java:687)
at org.testng.internal.invokers.TestInvoker.invokeTestMethod(TestInvoker.java:230)
at org.testng.internal.invokers.MethodRunner.runInSequence(MethodRunner.java:63)
at org.testng.internal.invokers.TestInvoker$MethodInvocationAgent.invoke(TestInvoker.java:995)
at org.testng.internal.invokers.TestInvoker.invokeTestMethods(TestInvoker.java:203)
at org.testng.internal.invokers.TestMethodWorker.invokeTestMethods(TestMethodWorker.java:154)
at org.testng.internal.invokers.TestMethodWorker.run(TestMethodWorker.java:134)
at java.base/java.util.ArrayList.forEach(ArrayList.java:1597)
at org.testng.TestRunner.privateRun(TestRunner.java:741)
at org.testng.TestRunner.run(TestRunner.java:616)
at org.testng.SuiteRunner.runTest(SuiteRunner.java:421)
at org.testng.SuiteRunner.runSequentially(SuiteRunner.java:413)
at org.testng.SuiteRunner.privateRun(SuiteRunner.java:373)
at org.testng.SuiteRunner.run(SuiteRunner.java:312)
at org.testng.SuiteRunnerWorker.runSuite(SuiteRunnerWorker.java:52)
at org.testng.SuiteRunnerWorker.run(SuiteRunnerWorker.java:95)
at org.testng.TestNG.runSuitesSequentially(TestNG.java:1274)
at org.testng.TestNG.runSuitesLocally(TestNG.java:1208)
at org.testng.TestNG.runSuites(TestNG.java:1112)
at org.testng.TestNG.run(TestNG.java:1079)
at org.testng.remote.AbstractRemoteTestNG.run(AbstractRemoteTestNG.java:115)
at org.testng.remote.RemoteTestNG.initAndRun(RemoteTestNG.java:293)
at org.testng.remote.RemoteTestNG.main(RemoteTestNG.java:91)
]]>
            </full-stacktrace>
          </exception> <!-- java.lang.AssertionError -->
          <reporter-output>
          </reporter-output>
        </test-method> <!-- testLogin -->
        <test-method is-config="true" signature="afterMethod(java.lang.String)[pri:0, instance:com.shaffan.tests.LoginTest@53a5e217]" started-at="2026-01-04T19:45:02 IST" name="afterMethod" finished-at="2026-01-04T19:45:02 IST" duration-ms="112" status="PASS">
          <params>
            <param index="0">
              <value>
                <![CDATA[true]]>
              </value>
            </param>
          </params>
          <reporter-output>
          </reporter-output>
        </test-method> <!-- afterMethod -->
        <test-method is-config="true" signature="setup()[pri:0, instance:com.shaffan.tests.LoginTest@53a5e217]" started-at="2026-01-04T19:45:03 IST" name="setup" finished-at="2026-01-04T19:45:08 IST" duration-ms="4725" status="PASS">
          <reporter-output>
          </reporter-output>
        </test-method> <!-- setup -->
        <test-method signature="testLoginWithInvalidCreds(java.lang.String,java.lang.String)[pri:0, instance:com.shaffan.tests.LoginTest@53a5e217]" started-at="2026-01-04T19:45:08 IST" name="testLoginWithInvalidCreds" description="Verify OrangeHRM Login with Invalid credentials - 1" data-provider="invalidLoginData" finished-at="2026-01-04T19:45:11 IST" duration-ms="2624" status="PASS">
          <params>
            <param index="0">
              <value>
                <![CDATA[ExcelUser1]]>
              </value>
            </param>
            <param index="1">
              <value>
                <![CDATA[Pass1]]>
              </value>
            </param>
          </params>
          <reporter-output>
          </reporter-output>
        </test-method> <!-- testLoginWithInvalidCreds -->
        <test-method is-config="true" signature="afterMethod(java.lang.String)[pri:0, instance:com.shaffan.tests.LoginTest@53a5e217]" started-at="2026-01-04T19:45:11 IST" name="afterMethod" finished-at="2026-01-04T19:45:11 IST" duration-ms="99" status="PASS">
          <params>
            <param index="0">
              <value>
                <![CDATA[true]]>
              </value>
            </param>
          </params>
          <reporter-output>
          </reporter-output>
        </test-method> <!-- afterMethod -->
        <test-method is-config="true" signature="setup()[pri:0, instance:com.shaffan.tests.LoginTest@53a5e217]" started-at="2026-01-04T19:45:11 IST" name="setup" finished-at="2026-01-04T19:45:21 IST" duration-ms="10024" status="PASS">
          <reporter-output>
          </reporter-output>
        </test-method> <!-- setup -->
        <test-method signature="testLoginWithInvalidCreds(java.lang.String,java.lang.String)[pri:0, instance:com.shaffan.tests.LoginTest@53a5e217]" started-at="2026-01-04T19:45:21 IST" name="testLoginWithInvalidCreds" description="Verify OrangeHRM Login with Invalid credentials - 1" data-provider="invalidLoginData" finished-at="2026-01-04T19:45:24 IST" duration-ms="2790" status="PASS">
          <params>
            <param index="0">
              <value>
                <![CDATA[ExcelUser2]]>
              </value>
            </param>
            <param index="1">
              <value>
                <![CDATA[Pass2]]>
              </value>
            </param>
          </params>
          <reporter-output>
          </reporter-output>
        </test-method> <!-- testLoginWithInvalidCreds -->
        <test-method is-config="true" signature="afterMethod(java.lang.String)[pri:0, instance:com.shaffan.tests.LoginTest@53a5e217]" started-at="2026-01-04T19:45:24 IST" name="afterMethod" finished-at="2026-01-04T19:45:24 IST" duration-ms="88" status="PASS">
          <params>
            <param index="0">
              <value>
                <![CDATA[true]]>
              </value>
            </param>
          </params>
          <reporter-output>
          </reporter-output>
        </test-method> <!-- afterMethod -->
        <test-method is-config="true" signature="setup()[pri:0, instance:com.shaffan.tests.LoginTest@53a5e217]" started-at="2026-01-04T19:45:24 IST" name="setup" finished-at="2026-01-04T19:45:28 IST" duration-ms="4340" status="PASS">
          <reporter-output>
          </reporter-output>
        </test-method> <!-- setup -->
        <test-method signature="testLoginWithInvalidCreds(java.lang.String,java.lang.String)[pri:0, instance:com.shaffan.tests.LoginTest@53a5e217]" started-at="2026-01-04T19:45:28 IST" name="testLoginWithInvalidCreds" description="Verify OrangeHRM Login with Invalid credentials - 1" data-provider="invalidLoginData" finished-at="2026-01-04T19:45:31 IST" duration-ms="2435" status="PASS">
          <params>
            <param index="0">
              <value>
                <![CDATA[ExcelUser3]]>
              </value>
            </param>
            <param index="1">
              <value>
                <![CDATA[Pass3]]>
              </value>
            </param>
          </params>
          <reporter-output>
          </reporter-output>
        </test-method> <!-- testLoginWithInvalidCreds -->
        <test-method is-config="true" signature="afterMethod(java.lang.String)[pri:0, instance:com.shaffan.tests.LoginTest@53a5e217]" started-at="2026-01-04T19:45:31 IST" name="afterMethod" finished-at="2026-01-04T19:45:31 IST" duration-ms="88" status="PASS">
          <params>
            <param index="0">
              <value>
                <![CDATA[true]]>
              </value>
            </param>
          </params>
          <reporter-output>
          </reporter-output>
        </test-method> <!-- afterMethod -->
        <test-method is-config="true" signature="setup()[pri:0, instance:com.shaffan.tests.LoginTest@53a5e217]" started-at="2026-01-04T19:45:31 IST" name="setup" finished-at="2026-01-04T19:45:35 IST" duration-ms="4581" status="PASS">
          <reporter-output>
          </reporter-output>
        </test-method> <!-- setup -->
        <test-method signature="testLoginWithInvalidCreds(java.lang.String,java.lang.String)[pri:0, instance:com.shaffan.tests.LoginTest@53a5e217]" started-at="2026-01-04T19:45:35 IST" name="testLoginWithInvalidCreds" description="Verify OrangeHRM Login with Invalid credentials - 1" data-provider="invalidLoginData" finished-at="2026-01-04T19:45:40 IST" duration-ms="4286" status="PASS">
          <params>
            <param index="0">
              <value>
                <![CDATA[ExcelUser4]]>
              </value>
            </param>
            <param index="1">
              <value>
                <![CDATA[Pass4]]>
              </value>
            </param>
          </params>
          <reporter-output>
          </reporter-output>
        </test-method> <!-- testLoginWithInvalidCreds -->
        <test-method is-config="true" signature="afterMethod(java.lang.String)[pri:0, instance:com.shaffan.tests.LoginTest@53a5e217]" started-at="2026-01-04T19:45:40 IST" name="afterMethod" finished-at="2026-01-04T19:45:40 IST" duration-ms="86" status="PASS">
          <params>
            <param index="0">
              <value>
                <![CDATA[true]]>
              </value>
            </param>
          </params>
          <reporter-output>
          </reporter-output>
        </test-method> <!-- afterMethod -->
      </class> <!-- com.shaffan.tests.LoginTest -->
    </test> <!-- Default test -->
  </suite> <!-- Default suite -->
</testng-results>
