<?xml version="1.0" encoding="UTF-8"?>
<!-- Generated by org.testng.reporters.JUnitReportReporter -->
<testsuite hostname="DESKTOP-QAA0QBB" failures="0" tests="2" name="com.shaffan.tests.DataDrivenLoginTest" time="17.098" errors="0" timestamp="2026-01-04T12:28:45 IST" skipped="0">
  <testcase classname="com.shaffan.tests.DataDrivenLoginTest" name="testLoginWithInvalidCreds" time="9.332"/>
  <testcase classname="com.shaffan.tests.DataDrivenLoginTest" name="testLoginWithInvalidCreds" time="7.766"/>
</testsuite> <!-- com.shaffan.tests.DataDrivenLoginTest -->
